<?xml version="1.0" encoding="UTF-8"?>
<!-- Generated by org.testng.reporters.JUnitXMLReporter -->
<testsuite ignored="0" hostname="DESKTOP-KLPV5EC" failures="0" tests="4" name="ChromeText" time="12.674" errors="0" timestamp="2025-01-14T21:16:29 IST">
  <testcase classname="testCase.LoginPageTest" name="loginWithInvalidCredentials" time="0.497"/>
  <testcase classname="testCase.LoginPageTest" name="loginWithInvalidCredentials" time="0.451"/>
  <testcase classname="testCase.LoginPageTest" name="loginWithInvalidCredentials" time="0.529"/>
  <testcase classname="testCase.LoginPageTest" name="loginWithValidCredential" time="0.659"/>
</testsuite> <!-- ChromeText -->
