<?xml version="1.0" encoding="UTF-8"?>
<!-- Generated by org.testng.reporters.JUnitXMLReporter -->
<testsuite ignored="0" hostname="DESKTOP-KLPV5EC" failures="0" tests="4" name="EdgeText" time="14.471" errors="0" timestamp="2025-01-14T21:16:43 IST">
  <testcase classname="testCase.LoginPageTest" name="loginWithInvalidCredentials" time="0.57"/>
  <testcase classname="testCase.LoginPageTest" name="loginWithInvalidCredentials" time="0.461"/>
  <testcase classname="testCase.LoginPageTest" name="loginWithInvalidCredentials" time="0.437"/>
  <testcase classname="testCase.LoginPageTest" name="loginWithValidCredential" time="0.749"/>
</testsuite> <!-- EdgeText -->
