<?xml version="1.0" encoding="UTF-8"?>
<!-- Generated by org.testng.reporters.JUnitXMLReporter -->
<testsuite ignored="0" hostname="DESKTOP-KLPV5EC" failures="1" tests="2" name="FirefoxTest" time="0.075" errors="0" timestamp="2025-01-03T08:14:03 IST">
  <testcase classname="testCase.LoginPageTest" name="verifyLoginWithInvalidCredentials" time="0.0">
    <failure type="java.lang.RuntimeException" message="java.lang.NullPointerException: Cannot invoke &amp;quot;org.apache.poi.ss.usermodel.Cell.getStringCellValue()&amp;quot; because &amp;quot;c&amp;quot; is null">
      <![CDATA[java.lang.RuntimeException: java.lang.NullPointerException: Cannot invoke "org.apache.poi.ss.usermodel.Cell.getStringCellValue()" because "c" is null
at java.base/java.util.ArrayList.forEach(ArrayList.java:1597)
at java.base/java.util.concurrent.FutureTask.run(FutureTask.java:317)
at java.base/java.util.concurrent.ThreadPoolExecutor.runWorker(ThreadPoolExecutor.java:1144)
at java.base/java.util.concurrent.ThreadPoolExecutor$Worker.run(ThreadPoolExecutor.java:642)
at java.base/java.lang.Thread.run(Thread.java:1575)
Caused by: java.lang.NullPointerException: Cannot invoke "org.apache.poi.ss.usermodel.Cell.getStringCellValue()" because "c" is null
at utilities.ExcelUtility.readStringData(ExcelUtility.java:24)
at testCase.BaseClass.groceryLogin(BaseClass.java:31)
at testCase.LoginPageTest.dpMethod(LoginPageTest.java:40)
... 19 more
... Removed 20 stack frames]]>
    </failure>
  </testcase> <!-- verifyLoginWithInvalidCredentials -->
  <testcase classname="testCase.LoginPageTest" name="verifyLoginWithValidCredential" time="0.0">
    <skipped/>
  </testcase> <!-- verifyLoginWithValidCredential -->
</testsuite> <!-- FirefoxTest -->
