<?xml version="1.0" encoding="UTF-8"?>
<!-- Generated by org.testng.reporters.JUnitXMLReporter -->
<testsuite ignored="0" hostname="DESKTOP-KLPV5EC" failures="0" tests="4" name="Test" time="12.478" errors="0" timestamp="2025-01-15T07:56:47 IST">
  <testcase classname="testCase.LoginPageTest" name="loginWithInvalidCredentials" time="0.551"/>
  <testcase classname="testCase.LoginPageTest" name="loginWithInvalidCredentials" time="0.441"/>
  <testcase classname="testCase.LoginPageTest" name="loginWithInvalidCredentials" time="0.436"/>
  <testcase classname="testCase.LoginPageTest" name="loginWithValidCredential" time="1.091"/>
</testsuite> <!-- Test -->
